2015/06/09 16:02:51 [error] [exception.CHttpException.400] exception 'CHttpException' with message 'Your request is invalid.' in C:\wamp\www\yii\framework\web\CController.php:336
Stack trace:
#0 C:\wamp\www\yii\framework\web\CController.php(309): CController->invalidActionParams(Object(CInlineAction))
#1 C:\wamp\www\yii\framework\web\filters\CFilterChain.php(133): CController->runAction(Object(CInlineAction))
#2 C:\wamp\www\yii\framework\web\filters\CFilter.php(40): CFilterChain->run()
#3 C:\wamp\www\yii\framework\web\CController.php(1145): CFilter->filter(Object(CFilterChain))
#4 C:\wamp\www\yii\framework\web\filters\CInlineFilter.php(58): CController->filterAccessControl(Object(CFilterChain))
#5 C:\wamp\www\yii\framework\web\filters\CFilterChain.php(130): CInlineFilter->filter(Object(CFilterChain))
#6 C:\wamp\www\yii\framework\web\CController.php(291): CFilterChain->run()
#7 C:\wamp\www\yii\framework\web\CController.php(265): CController->runActionWithFilters(Object(CInlineAction), Array)
#8 C:\wamp\www\yii\framework\web\CWebApplication.php(282): CController->run('view')
#9 C:\wamp\www\yii\framework\web\CWebApplication.php(141): CWebApplication->runController('escritorioadmin...')
#10 C:\wamp\www\yii\framework\base\CApplication.php(184): CWebApplication->processRequest()
#11 C:\wamp\www\yii\3rekoadministracion\index.php(13): CApplication->run()
#12 {main}
REQUEST_URI=/yii/3rekoadministracion/escritorioadministrador/view
---
2015/06/09 16:11:31 [error] [exception.CHttpException.404] exception 'CHttpException' with message 'The system is unable to find the requested action "index".' in C:\wamp\www\yii\framework\web\CController.php:483
Stack trace:
#0 C:\wamp\www\yii\framework\web\CController.php(270): CController->missingAction('index')
#1 C:\wamp\www\yii\framework\web\CWebApplication.php(282): CController->run('index')
#2 C:\wamp\www\yii\framework\web\CWebApplication.php(141): CWebApplication->runController('escritorioadmin...')
#3 C:\wamp\www\yii\framework\base\CApplication.php(184): CWebApplication->processRequest()
#4 C:\wamp\www\yii\3rekoadministracion\index.php(13): CApplication->run()
#5 {main}
REQUEST_URI=/yii/3rekoadministracion/escritorioadministrador/index
---
